<?xml version="1.0" encoding="UTF-8"?>
<testng-results ignored="0" total="1" passed="1" failed="0" skipped="0">
  <reporter-output>
  </reporter-output>
  <suite started-at="2022-04-20T16:39:50 IST" name="Default suite" finished-at="2022-04-20T16:39:58 IST" duration-ms="8430">
    <groups>
    </groups>
    <test started-at="2022-04-20T16:39:50 IST" name="Default test" finished-at="2022-04-20T16:39:58 IST" duration-ms="8430">
      <class name="Tests.SoapXMLRequest">
        <test-method signature="validateSoapXML()[pri:0, instance:Tests.SoapXMLRequest@6e0dec4a]" started-at="2022-04-20T16:39:50 IST" name="validateSoapXML" finished-at="2022-04-20T16:39:58 IST" duration-ms="8401" status="PASS">
          <reporter-output>
          </reporter-output>
        </test-method> <!-- validateSoapXML -->
      </class> <!-- Tests.SoapXMLRequest -->
    </test> <!-- Default test -->
  </suite> <!-- Default suite -->
</testng-results>
